<?xml version="1.0" encoding="UTF-8"?>
<testng-results skipped="0" failed="0" ignored="0" total="1" passed="1">
  <reporter-output>
  </reporter-output>
  <suite name="Suite" duration-ms="8199" started-at="2021-11-15T06:26:24 ICT" finished-at="2021-11-15T06:26:32 ICT">
    <groups>
    </groups>
    <test name="ApiTest" duration-ms="8199" started-at="2021-11-15T06:26:24 ICT" finished-at="2021-11-15T06:26:32 ICT">
      <class name="script.ApiTest">
        <test-method status="PASS" signature="Main()[pri:0, instance:script.ApiTest@56ac3a89]" name="Main" duration-ms="8169" started-at="2021-11-15T06:26:24 ICT" finished-at="2021-11-15T06:26:32 ICT">
          <reporter-output>
          </reporter-output>
        </test-method> <!-- Main -->
      </class> <!-- script.ApiTest -->
    </test> <!-- ApiTest -->
  </suite> <!-- Suite -->
</testng-results>
