<?xml version="1.0" encoding="UTF-8"?>
<testng-results ignored="0" total="1" passed="1" failed="0" skipped="0">
  <reporter-output>
  </reporter-output>
  <suite started-at="2021-11-15T06:11:39 ICT" name="Suite" finished-at="2021-11-15T06:11:45 ICT" duration-ms="5521">
    <groups>
    </groups>
    <test started-at="2021-11-15T06:11:39 ICT" name="ApiTest" finished-at="2021-11-15T06:11:45 ICT" duration-ms="5521">
      <class name="script.ApiTest">
        <test-method signature="Main()[pri:0, instance:script.ApiTest@2bbf180e]" started-at="2021-11-15T06:11:39 ICT" name="Main" finished-at="2021-11-15T06:11:45 ICT" duration-ms="5484" status="PASS">
          <reporter-output>
          </reporter-output>
        </test-method> <!-- Main -->
      </class> <!-- script.ApiTest -->
    </test> <!-- ApiTest -->
  </suite> <!-- Suite -->
</testng-results>
